<?xml version="1.0" encoding="UTF-8"?>
<!-- Generated by org.testng.reporters.JUnitXMLReporter -->
<testsuite ignored="0" hostname="DESKTOP-KMS0INK" failures="0" tests="10" name="EdgeTest" time="14.095" errors="0" timestamp="2024-10-27T17:21:09 IST">
  <testcase classname="testScript.InvalidLoginTest" name="inValidLogin" time="0.798"/>
  <testcase classname="testScript.InvalidLoginTest" name="inValidLogin" time="0.702"/>
  <testcase classname="testScript.InvalidLoginTest" name="inValidLogin" time="0.66"/>
  <testcase classname="testScript.InvalidLoginTest" name="inValidLogin" time="0.755"/>
  <testcase classname="testScript.InvalidLoginTest" name="inValidLogin" time="0.688"/>
  <testcase classname="testScript.InvalidLoginTest" name="inValidLogin" time="0.745"/>
  <testcase classname="testScript.InvalidLoginTest" name="inValidLogin" time="0.849"/>
  <testcase classname="testScript.InvalidLoginTest" name="inValidLogin" time="0.682"/>
  <testcase classname="testScript.InvalidLoginTest" name="inValidLogin" time="0.809"/>
  <testcase classname="testScript.InvalidLoginTest" name="inValidLogin" time="0.802"/>
</testsuite> <!-- EdgeTest -->
