<?xml version="1.0" encoding="UTF-8"?>
<!-- Generated by org.testng.reporters.JUnitXMLReporter -->
<testsuite ignored="8" hostname="DESKTOP-KMS0INK" failures="0" tests="12" name="Test" time="35.713" errors="0" timestamp="2024-10-27T17:16:00 IST">
  <testcase classname="testScript.ValidLoginTest" name="login" time="1.385"/>
  <testcase classname="testScript.RegisterTest" name="register" time="11.325"/>
  <testcase classname="testScript.InvalidLoginTest" name="inValidLogin" time="0.747"/>
  <testcase classname="testScript.InvalidLoginTest" name="inValidLogin" time="0.662"/>
  <testcase classname="testScript.InvalidLoginTest" name="inValidLogin" time="0.634"/>
  <testcase classname="testScript.InvalidLoginTest" name="inValidLogin" time="0.611"/>
  <testcase classname="testScript.InvalidLoginTest" name="inValidLogin" time="0.656"/>
  <testcase classname="testScript.InvalidLoginTest" name="inValidLogin" time="0.731"/>
  <testcase classname="testScript.InvalidLoginTest" name="inValidLogin" time="0.783"/>
  <testcase classname="testScript.InvalidLoginTest" name="inValidLogin" time="0.764"/>
  <testcase classname="testScript.InvalidLoginTest" name="inValidLogin" time="0.732"/>
  <testcase classname="testScript.InvalidLoginTest" name="inValidLogin" time="0.782"/>
  <testcase classname="genericLibrary.BaseTest" name="@BeforeSuite toConnectServer" time="0.0">
    <ignored/>
  </testcase> <!-- @BeforeSuite toConnectServer -->
  <testcase classname="genericLibrary.BaseTest" name="@BeforeSuite toConnectServer" time="0.0">
    <ignored/>
  </testcase> <!-- @BeforeSuite toConnectServer -->
  <testcase classname="genericLibrary.BaseTest" name="@AfterSuite toCloseServer" time="0.0">
    <ignored/>
  </testcase> <!-- @AfterSuite toCloseServer -->
  <testcase classname="genericLibrary.BaseTest" name="@AfterSuite toCloseServer" time="0.0">
    <ignored/>
  </testcase> <!-- @AfterSuite toCloseServer -->
  <testcase classname="genericLibrary.BaseTest" name="@BeforeTest toConnectDatabase" time="0.0">
    <ignored/>
  </testcase> <!-- @BeforeTest toConnectDatabase -->
  <testcase classname="genericLibrary.BaseTest" name="@BeforeTest toConnectDatabase" time="0.0">
    <ignored/>
  </testcase> <!-- @BeforeTest toConnectDatabase -->
  <testcase classname="genericLibrary.BaseTest" name="@AfterTest toCloseDatabase" time="0.0">
    <ignored/>
  </testcase> <!-- @AfterTest toCloseDatabase -->
  <testcase classname="genericLibrary.BaseTest" name="@AfterTest toCloseDatabase" time="0.0">
    <ignored/>
  </testcase> <!-- @AfterTest toCloseDatabase -->
</testsuite> <!-- Test -->
