<?xml version="1.0" encoding="UTF-8"?>
<!-- Generated by org.testng.reporters.JUnitXMLReporter -->
<testsuite ignored="0" hostname="DESKTOP-KMS0INK" failures="0" tests="10" name="Test3" time="20.699" errors="0" timestamp="2024-10-27T15:11:25 IST">
  <testcase classname="testScript.InvalidLoginTest" name="inValidLogin" time="5.533"/>
  <testcase classname="testScript.InvalidLoginTest" name="inValidLogin" time="1.116"/>
  <testcase classname="testScript.InvalidLoginTest" name="inValidLogin" time="0.624"/>
  <testcase classname="testScript.InvalidLoginTest" name="inValidLogin" time="1.095"/>
  <testcase classname="testScript.InvalidLoginTest" name="inValidLogin" time="0.741"/>
  <testcase classname="testScript.InvalidLoginTest" name="inValidLogin" time="0.808"/>
  <testcase classname="testScript.InvalidLoginTest" name="inValidLogin" time="1.119"/>
  <testcase classname="testScript.InvalidLoginTest" name="inValidLogin" time="0.913"/>
  <testcase classname="testScript.InvalidLoginTest" name="inValidLogin" time="0.691"/>
  <testcase classname="testScript.InvalidLoginTest" name="inValidLogin" time="0.739"/>
</testsuite> <!-- Test3 -->
