<?xml version="1.0" encoding="UTF-8"?>
<!-- Generated by org.testng.reporters.JUnitXMLReporter -->
<testsuite ignored="8" hostname="DESKTOP-KMS0INK" failures="0" tests="7" name="Test" time="43.85" errors="0" timestamp="2024-10-26T12:16:37 IST">
  <testcase classname="testScript.ValidLoginTest" name="login" time="2.53"/>
  <testcase classname="testScript.RegisterTest" name="register" time="11.353"/>
  <testcase classname="testScript.InvalidLoginTest" name="inValidLogin" time="0.887"/>
  <testcase classname="testScript.InvalidLoginTest" name="inValidLogin" time="1.884"/>
  <testcase classname="testScript.InvalidLoginTest" name="inValidLogin" time="0.888"/>
  <testcase classname="testScript.InvalidLoginTest" name="inValidLogin" time="0.811"/>
  <testcase classname="testScript.InvalidLoginTest" name="inValidLogin" time="0.876"/>
  <testcase classname="genericLibrary.BaseTest" name="@BeforeSuite toConnectServer" time="0.0">
    <ignored/>
  </testcase> <!-- @BeforeSuite toConnectServer -->
  <testcase classname="genericLibrary.BaseTest" name="@BeforeSuite toConnectServer" time="0.0">
    <ignored/>
  </testcase> <!-- @BeforeSuite toConnectServer -->
  <testcase classname="genericLibrary.BaseTest" name="@AfterSuite toCloseServer" time="0.0">
    <ignored/>
  </testcase> <!-- @AfterSuite toCloseServer -->
  <testcase classname="genericLibrary.BaseTest" name="@AfterSuite toCloseServer" time="0.0">
    <ignored/>
  </testcase> <!-- @AfterSuite toCloseServer -->
  <testcase classname="genericLibrary.BaseTest" name="@BeforeTest toConnectDatabase" time="0.0">
    <ignored/>
  </testcase> <!-- @BeforeTest toConnectDatabase -->
  <testcase classname="genericLibrary.BaseTest" name="@BeforeTest toConnectDatabase" time="0.0">
    <ignored/>
  </testcase> <!-- @BeforeTest toConnectDatabase -->
  <testcase classname="genericLibrary.BaseTest" name="@AfterTest toCloseDatabase" time="0.0">
    <ignored/>
  </testcase> <!-- @AfterTest toCloseDatabase -->
  <testcase classname="genericLibrary.BaseTest" name="@AfterTest toCloseDatabase" time="0.0">
    <ignored/>
  </testcase> <!-- @AfterTest toCloseDatabase -->
</testsuite> <!-- Test -->
