<?xml version="1.0" encoding="UTF-8"?>
<!-- Generated by org.testng.reporters.JUnitXMLReporter -->
<testsuite ignored="0" hostname="DESKTOP-KMS0INK" failures="0" tests="10" name="Default test" time="13.903" errors="0" timestamp="2024-10-26T13:15:57 IST">
  <testcase classname="testScript.InvalidLoginTest" name="inValidLogin" time="0.88"/>
  <testcase classname="testScript.InvalidLoginTest" name="inValidLogin" time="0.744"/>
  <testcase classname="testScript.InvalidLoginTest" name="inValidLogin" time="0.666"/>
  <testcase classname="testScript.InvalidLoginTest" name="inValidLogin" time="0.55"/>
  <testcase classname="testScript.InvalidLoginTest" name="inValidLogin" time="0.728"/>
  <testcase classname="testScript.InvalidLoginTest" name="inValidLogin" time="0.57"/>
  <testcase classname="testScript.InvalidLoginTest" name="inValidLogin" time="0.681"/>
  <testcase classname="testScript.InvalidLoginTest" name="inValidLogin" time="1.237"/>
  <testcase classname="testScript.InvalidLoginTest" name="inValidLogin" time="0.867"/>
  <testcase classname="testScript.InvalidLoginTest" name="inValidLogin" time="1.26"/>
</testsuite> <!-- Default test -->
