<?xml version="1.0" encoding="UTF-8"?>
<testng-results ignored="0" total="10" passed="10" failed="0" skipped="0">
  <reporter-output>
    <line>
      <![CDATA[Server connected successfully]]>
    </line>
    <line>
      <![CDATA[Databse connected successfully]]>
    </line>
    <line>
      <![CDATA[LaunchingchromeSuccessfully]]>
    </line>
    <line>
      <![CDATA[Browser closed successfully]]>
    </line>
    <line>
      <![CDATA[Databse closed successfully]]>
    </line>
    <line>
      <![CDATA[Server closed successfully]]>
    </line>
  </reporter-output>
  <suite started-at="2024-10-26T13:15:43 IST" name="Default suite" finished-at="2024-10-26T13:15:57 IST" duration-ms="13903">
    <groups>
    </groups>
    <test started-at="2024-10-26T13:15:43 IST" name="Default test" finished-at="2024-10-26T13:15:57 IST" duration-ms="13903">
      <class name="testScript.InvalidLoginTest">
        <test-method is-config="true" signature="toConnectServer()[pri:0, instance:testScript.InvalidLoginTest@2892d68]" started-at="2024-10-26T13:15:43 IST" name="toConnectServer" finished-at="2024-10-26T13:15:43 IST" duration-ms="7" status="PASS">
          <reporter-output>
            <line>
              <![CDATA[Server connected successfully]]>
            </line>
          </reporter-output>
        </test-method> <!-- toConnectServer -->
        <test-method is-config="true" signature="toConnectDatabase()[pri:0, instance:testScript.InvalidLoginTest@2892d68]" started-at="2024-10-26T13:15:43 IST" name="toConnectDatabase" finished-at="2024-10-26T13:15:43 IST" duration-ms="0" status="PASS">
          <reporter-output>
            <line>
              <![CDATA[Databse connected successfully]]>
            </line>
          </reporter-output>
        </test-method> <!-- toConnectDatabase -->
        <test-method is-config="true" signature="setup()[pri:0, instance:testScript.InvalidLoginTest@2892d68]" started-at="2024-10-26T13:15:43 IST" name="setup" finished-at="2024-10-26T13:15:49 IST" duration-ms="5211" status="PASS">
          <reporter-output>
            <line>
              <![CDATA[LaunchingchromeSuccessfully]]>
            </line>
          </reporter-output>
        </test-method> <!-- setup -->
        <test-method signature="inValidLogin(java.lang.String,java.lang.String)[pri:0, instance:testScript.InvalidLoginTest@2892d68]" started-at="2024-10-26T13:15:49 IST" name="inValidLogin" data-provider="TestData" finished-at="2024-10-26T13:15:50 IST" duration-ms="880" status="PASS">
          <params>
            <param index="0">
              <value>
                <![CDATA[Subhammlkkdsjs]]>
              </value>
            </param>
            <param index="1">
              <value>
                <![CDATA[nbxjnnckx]]>
              </value>
            </param>
          </params>
          <reporter-output>
          </reporter-output>
        </test-method> <!-- inValidLogin -->
        <test-method signature="inValidLogin(java.lang.String,java.lang.String)[pri:0, instance:testScript.InvalidLoginTest@2892d68]" started-at="2024-10-26T13:15:50 IST" name="inValidLogin" data-provider="TestData" finished-at="2024-10-26T13:15:51 IST" duration-ms="744" status="PASS">
          <params>
            <param index="0">
              <value>
                <![CDATA[df;jdsks]]>
              </value>
            </param>
            <param index="1">
              <value>
                <![CDATA[lkdll]]>
              </value>
            </param>
          </params>
          <reporter-output>
          </reporter-output>
        </test-method> <!-- inValidLogin -->
        <test-method signature="inValidLogin(java.lang.String,java.lang.String)[pri:0, instance:testScript.InvalidLoginTest@2892d68]" started-at="2024-10-26T13:15:51 IST" name="inValidLogin" data-provider="TestData" finished-at="2024-10-26T13:15:51 IST" duration-ms="666" status="PASS">
          <params>
            <param index="0">
              <value>
                <![CDATA[lmmxv]]>
              </value>
            </param>
            <param index="1">
              <value>
                <![CDATA[jjdjskd]]>
              </value>
            </param>
          </params>
          <reporter-output>
          </reporter-output>
        </test-method> <!-- inValidLogin -->
        <test-method signature="inValidLogin(java.lang.String,java.lang.String)[pri:0, instance:testScript.InvalidLoginTest@2892d68]" started-at="2024-10-26T13:15:51 IST" name="inValidLogin" data-provider="TestData" finished-at="2024-10-26T13:15:52 IST" duration-ms="550" status="PASS">
          <params>
            <param index="0">
              <value>
                <![CDATA[sn]]>
              </value>
            </param>
            <param index="1">
              <value>
                <![CDATA[mkkdvd]]>
              </value>
            </param>
          </params>
          <reporter-output>
          </reporter-output>
        </test-method> <!-- inValidLogin -->
        <test-method signature="inValidLogin(java.lang.String,java.lang.String)[pri:0, instance:testScript.InvalidLoginTest@2892d68]" started-at="2024-10-26T13:15:52 IST" name="inValidLogin" data-provider="TestData" finished-at="2024-10-26T13:15:53 IST" duration-ms="728" status="PASS">
          <params>
            <param index="0">
              <value>
                <![CDATA[mvd]]>
              </value>
            </param>
            <param index="1">
              <value>
                <![CDATA[mlmld]]>
              </value>
            </param>
          </params>
          <reporter-output>
          </reporter-output>
        </test-method> <!-- inValidLogin -->
        <test-method signature="inValidLogin(java.lang.String,java.lang.String)[pri:0, instance:testScript.InvalidLoginTest@2892d68]" started-at="2024-10-26T13:15:53 IST" name="inValidLogin" data-provider="TestData" finished-at="2024-10-26T13:15:53 IST" duration-ms="570" status="PASS">
          <params>
            <param index="0">
              <value>
                <![CDATA[ndmvkm]]>
              </value>
            </param>
            <param index="1">
              <value>
                <![CDATA[lklcslmmm]]>
              </value>
            </param>
          </params>
          <reporter-output>
          </reporter-output>
        </test-method> <!-- inValidLogin -->
        <test-method signature="inValidLogin(java.lang.String,java.lang.String)[pri:0, instance:testScript.InvalidLoginTest@2892d68]" started-at="2024-10-26T13:15:53 IST" name="inValidLogin" data-provider="TestData" finished-at="2024-10-26T13:15:54 IST" duration-ms="681" status="PASS">
          <params>
            <param index="0">
              <value>
                <![CDATA[nkd]]>
              </value>
            </param>
            <param index="1">
              <value>
                <![CDATA[lldmdvd]]>
              </value>
            </param>
          </params>
          <reporter-output>
          </reporter-output>
        </test-method> <!-- inValidLogin -->
        <test-method signature="inValidLogin(java.lang.String,java.lang.String)[pri:0, instance:testScript.InvalidLoginTest@2892d68]" started-at="2024-10-26T13:15:54 IST" name="inValidLogin" data-provider="TestData" finished-at="2024-10-26T13:15:55 IST" duration-ms="1237" status="PASS">
          <params>
            <param index="0">
              <value>
                <![CDATA[mnkdmlm]]>
              </value>
            </param>
            <param index="1">
              <value>
                <![CDATA[m,mmvdd]]>
              </value>
            </param>
          </params>
          <reporter-output>
          </reporter-output>
        </test-method> <!-- inValidLogin -->
        <test-method signature="inValidLogin(java.lang.String,java.lang.String)[pri:0, instance:testScript.InvalidLoginTest@2892d68]" started-at="2024-10-26T13:15:55 IST" name="inValidLogin" data-provider="TestData" finished-at="2024-10-26T13:15:56 IST" duration-ms="867" status="PASS">
          <params>
            <param index="0">
              <value>
                <![CDATA[l,dndvdv]]>
              </value>
            </param>
            <param index="1">
              <value>
                <![CDATA[mkm]]>
              </value>
            </param>
          </params>
          <reporter-output>
          </reporter-output>
        </test-method> <!-- inValidLogin -->
        <test-method signature="inValidLogin(java.lang.String,java.lang.String)[pri:0, instance:testScript.InvalidLoginTest@2892d68]" started-at="2024-10-26T13:15:56 IST" name="inValidLogin" data-provider="TestData" finished-at="2024-10-26T13:15:57 IST" duration-ms="1260" status="PASS">
          <params>
            <param index="0">
              <value>
                <![CDATA[kncdd]]>
              </value>
            </param>
            <param index="1">
              <value>
                <![CDATA[ jmvdvdlmd]]>
              </value>
            </param>
          </params>
          <reporter-output>
          </reporter-output>
        </test-method> <!-- inValidLogin -->
        <test-method is-config="true" signature="teardown()[pri:0, instance:testScript.InvalidLoginTest@2892d68]" started-at="2024-10-26T13:15:57 IST" name="teardown" finished-at="2024-10-26T13:15:57 IST" duration-ms="114" status="PASS">
          <reporter-output>
            <line>
              <![CDATA[Browser closed successfully]]>
            </line>
          </reporter-output>
        </test-method> <!-- teardown -->
        <test-method is-config="true" signature="toCloseDatabase()[pri:0, instance:testScript.InvalidLoginTest@2892d68]" started-at="2024-10-26T13:15:57 IST" name="toCloseDatabase" finished-at="2024-10-26T13:15:57 IST" duration-ms="0" status="PASS">
          <reporter-output>
            <line>
              <![CDATA[Databse closed successfully]]>
            </line>
          </reporter-output>
        </test-method> <!-- toCloseDatabase -->
        <test-method is-config="true" signature="toCloseServer()[pri:0, instance:testScript.InvalidLoginTest@2892d68]" started-at="2024-10-26T13:15:57 IST" name="toCloseServer" finished-at="2024-10-26T13:15:57 IST" duration-ms="0" status="PASS">
          <reporter-output>
            <line>
              <![CDATA[Server closed successfully]]>
            </line>
          </reporter-output>
        </test-method> <!-- toCloseServer -->
      </class> <!-- testScript.InvalidLoginTest -->
    </test> <!-- Default test -->
  </suite> <!-- Default suite -->
</testng-results>
